3/16/2021 12:21:54 PM	This log contains information about the import schema operation into project 'SSDT1' on computer 'INBALSU0255' by user 'inchandra'.
3/16/2021 12:21:54 PM	Import of database schema has started.
3/16/2021 12:22:08 PM	Gathering database credentials
3/16/2021 12:22:08 PM	Gathering database options
3/16/2021 12:22:08 PM	Gathering generic database scoped configuration option
3/16/2021 12:22:08 PM	Gathering users
3/16/2021 12:22:08 PM	Gathering roles
3/16/2021 12:22:08 PM	Gathering application roles
3/16/2021 12:22:08 PM	Gathering role memberships
3/16/2021 12:22:08 PM	Gathering filegroups
3/16/2021 12:22:08 PM	Gathering files
3/16/2021 12:22:08 PM	Gathering full-text catalogs
3/16/2021 12:22:08 PM	Gathering assemblies
3/16/2021 12:22:08 PM	Gathering certificates
3/16/2021 12:22:08 PM	Gathering asymmetric keys
3/16/2021 12:22:08 PM	Gathering symmetric keys
3/16/2021 12:22:08 PM	Gathering encrypted symmetric keys
3/16/2021 12:22:08 PM	Gathering database encryption keys
3/16/2021 12:22:08 PM	Gathering schemas
3/16/2021 12:22:08 PM	Gathering XML schema collections
3/16/2021 12:22:08 PM	Gathering user-defined data types
3/16/2021 12:22:08 PM	Gathering user-defined types
3/16/2021 12:22:08 PM	Gathering table types
3/16/2021 12:22:08 PM	Gathering unique keys for table types
3/16/2021 12:22:08 PM	Gathering primary keys for table types
3/16/2021 12:22:08 PM	Gathering indexes for table types
3/16/2021 12:22:09 PM	Gathering check constraints for table types
3/16/2021 12:22:09 PM	Gathering default constraints for table types
3/16/2021 12:22:09 PM	Gathering partition functions
3/16/2021 12:22:09 PM	Gathering partition schemes
3/16/2021 12:22:09 PM	Gathering functions
3/16/2021 12:22:09 PM	Gathering encrypted functions
3/16/2021 12:22:09 PM	Gathering aggregates
3/16/2021 12:22:09 PM	Gathering procedures
3/16/2021 12:22:09 PM	Gathering encrypted procedures
3/16/2021 12:22:09 PM	Gathering tables
3/16/2021 12:22:09 PM	Gathering primary keys
3/16/2021 12:22:09 PM	Gathering unique constraints
3/16/2021 12:22:09 PM	Gathering foreign keys
3/16/2021 12:22:09 PM	Gathering default constraints
3/16/2021 12:22:09 PM	Gathering check constraints
3/16/2021 12:22:09 PM	Gathering views
3/16/2021 12:22:09 PM	Gathering encrypted views
3/16/2021 12:22:09 PM	Gathering indexes
3/16/2021 12:22:09 PM	Gathering statistics
3/16/2021 12:22:09 PM	Gathering full-text index stoplists
3/16/2021 12:22:09 PM	Gathering search property lists
3/16/2021 12:22:09 PM	Gathering search properties
3/16/2021 12:22:09 PM	Gathering full-text indexes
3/16/2021 12:22:09 PM	Gathering column store indexes
3/16/2021 12:22:09 PM	Gathering spatial indexes
3/16/2021 12:22:09 PM	Gathering XML indexes
3/16/2021 12:22:09 PM	Gathering Selective XML indexes
3/16/2021 12:22:09 PM	Gathering encrypted triggers
3/16/2021 12:22:09 PM	Gathering triggers
3/16/2021 12:22:09 PM	Gathering encrypted and clr ddl triggers
3/16/2021 12:22:09 PM	Gathering ddl triggers
3/16/2021 12:22:09 PM	Gathering synonyms
3/16/2021 12:22:09 PM	Gathering defaults
3/16/2021 12:22:09 PM	Gathering data constraint uddt bindings
3/16/2021 12:22:09 PM	Gathering rules
3/16/2021 12:22:09 PM	Gathering data constraint uddt bindings
3/16/2021 12:22:09 PM	Gathering message types
3/16/2021 12:22:09 PM	Gathering queues
3/16/2021 12:22:09 PM	Gathering contracts
3/16/2021 12:22:09 PM	Gathering services
3/16/2021 12:22:09 PM	Gathering routes
3/16/2021 12:22:09 PM	Gathering event notifications
3/16/2021 12:22:09 PM	Gathering remote service bindings
3/16/2021 12:22:09 PM	Gathering broker priorities
3/16/2021 12:22:09 PM	Gathering database audit specifications
3/16/2021 12:22:09 PM	Gathering signatures
3/16/2021 12:22:09 PM	Gathering data compression options
3/16/2021 12:22:09 PM	Gathering sequence types
3/16/2021 12:22:09 PM	Gathering security policies
3/16/2021 12:22:09 PM	Gather column encryption keys
3/16/2021 12:22:09 PM	Gathering column master keys
3/16/2021 12:22:09 PM	Gathering external data sources
3/16/2021 12:22:09 PM	Gathering external file formats
3/16/2021 12:22:09 PM	Gathering external tables
3/16/2021 12:22:09 PM	Gathering extended properties
3/16/2021 12:22:10 PM	Scanning project for duplicate elements
3/16/2021 12:22:10 PM	Finished duplicate element processing
3/16/2021 12:22:11 PM	Finished importing database.
3/16/2021 12:22:11 PM	A summary of the import was saved to the following location: C:\Users\inchandra\Desktop\Database\SSDT1\Import Schema Logs\SSDT1_20210316065154.log
3/16/2021 12:22:11 PM	Click Finish to continue...
